

Started GET "/" for 54.244.95.60 at 2016-09-13 18:36:54 +0000
Cannot render console from 54.244.95.60! Allowed networks: 127.0.0.1, ::1, 127.0.0.0/127.255.255.255

ActiveRecord::PendingMigrationError (

Migrations are pending. To resolve this issue, run:

	bin/rake db:migrate RAILS_ENV=development

):
  .bundle/gems/activerecord-4.2.2/lib/active_record/migration.rb:393:in `check_pending!'
  .bundle/gems/activerecord-4.2.2/lib/active_record/migration.rb:374:in `call'
  .bundle/gems/actionpack-4.2.2/lib/action_dispatch/middleware/callbacks.rb:29:in `block in call'
  .bundle/gems/activesupport-4.2.2/lib/active_support/callbacks.rb:88:in `_run_callbacks'
  .bundle/gems/activesupport-4.2.2/lib/active_support/callbacks.rb:776:in `_run_call_callbacks'
  .bundle/gems/activesupport-4.2.2/lib/active_support/callbacks.rb:81:in `run_callbacks'
  .bundle/gems/actionpack-4.2.2/lib/action_dispatch/middleware/callbacks.rb:27:in `call'
  .bundle/gems/actionpack-4.2.2/lib/action_dispatch/middleware/reloader.rb:73:in `call'
  .bundle/gems/actionpack-4.2.2/lib/action_dispatch/middleware/remote_ip.rb:78:in `call'
  .bundle/gems/actionpack-4.2.2/lib/action_dispatch/middleware/debug_exceptions.rb:17:in `call'
  .bundle/gems/web-console-2.3.0/lib/web_console/middleware.rb:20:in `block in call'
  .bundle/gems/web-console-2.3.0/lib/web_console/middleware.rb:18:in `catch'
  .bundle/gems/web-console-2.3.0/lib/web_console/middleware.rb:18:in `call'
  .bundle/gems/actionpack-4.2.2/lib/action_dispatch/middleware/show_exceptions.rb:30:in `call'
  .bundle/gems/railties-4.2.2/lib/rails/rack/logger.rb:38:in `call_app'
  .bundle/gems/railties-4.2.2/lib/rails/rack/logger.rb:20:in `block in call'
  .bundle/gems/activesupport-4.2.2/lib/active_support/tagged_logging.rb:68:in `block in tagged'
  .bundle/gems/activesupport-4.2.2/lib/active_support/tagged_logging.rb:26:in `tagged'
  .bundle/gems/activesupport-4.2.2/lib/active_support/tagged_logging.rb:68:in `tagged'
  .bundle/gems/railties-4.2.2/lib/rails/rack/logger.rb:20:in `call'
  .bundle/gems/actionpack-4.2.2/lib/action_dispatch/middleware/request_id.rb:21:in `call'
  .bundle/gems/rack-1.6.4/lib/rack/methodoverride.rb:22:in `call'
  .bundle/gems/rack-1.6.4/lib/rack/runtime.rb:18:in `call'
  .bundle/gems/activesupport-4.2.2/lib/active_support/cache/strategy/local_cache_middleware.rb:28:in `call'
  .bundle/gems/rack-1.6.4/lib/rack/lock.rb:17:in `call'
  .bundle/gems/actionpack-4.2.2/lib/action_dispatch/middleware/static.rb:113:in `call'
  .bundle/gems/rack-1.6.4/lib/rack/sendfile.rb:113:in `call'
  .bundle/gems/railties-4.2.2/lib/rails/engine.rb:518:in `call'
  .bundle/gems/railties-4.2.2/lib/rails/application.rb:164:in `call'
  .bundle/gems/rack-1.6.4/lib/rack/lock.rb:17:in `call'
  .bundle/gems/rack-1.6.4/lib/rack/content_length.rb:15:in `call'
  .bundle/gems/rack-1.6.4/lib/rack/handler/webrick.rb:88:in `service'
  /usr/local/opt/rbenv/versions/2.3.1/lib/ruby/2.3.0/webrick/httpserver.rb:140:in `service'
  /usr/local/opt/rbenv/versions/2.3.1/lib/ruby/2.3.0/webrick/httpserver.rb:96:in `run'
  /usr/local/opt/rbenv/versions/2.3.1/lib/ruby/2.3.0/webrick/server.rb:296:in `block in start_thread'


  Rendered .bundle/gems/actionpack-4.2.2/lib/action_dispatch/middleware/templates/rescues/_source.erb (2.4ms)
  Rendered .bundle/gems/actionpack-4.2.2/lib/action_dispatch/middleware/templates/rescues/_trace.html.erb (1.4ms)
  Rendered .bundle/gems/actionpack-4.2.2/lib/action_dispatch/middleware/templates/rescues/_request_and_response.html.erb (0.8ms)
  Rendered .bundle/gems/actionpack-4.2.2/lib/action_dispatch/middleware/templates/rescues/diagnostics.html.erb within rescues/layout (28.3ms)


Started GET "/" for 54.244.95.60 at 2016-09-13 19:03:02 +0000
Cannot render console from 54.244.95.60! Allowed networks: 127.0.0.1, ::1, 127.0.0.0/127.255.255.255

ActiveRecord::PendingMigrationError (

Migrations are pending. To resolve this issue, run:

	bin/rake db:migrate RAILS_ENV=development

):
  .bundle/gems/activerecord-4.2.2/lib/active_record/migration.rb:393:in `check_pending!'
  .bundle/gems/activerecord-4.2.2/lib/active_record/migration.rb:374:in `call'
  .bundle/gems/actionpack-4.2.2/lib/action_dispatch/middleware/callbacks.rb:29:in `block in call'
  .bundle/gems/activesupport-4.2.2/lib/active_support/callbacks.rb:88:in `_run_callbacks'
  .bundle/gems/activesupport-4.2.2/lib/active_support/callbacks.rb:776:in `_run_call_callbacks'
  .bundle/gems/activesupport-4.2.2/lib/active_support/callbacks.rb:81:in `run_callbacks'
  .bundle/gems/actionpack-4.2.2/lib/action_dispatch/middleware/callbacks.rb:27:in `call'
  .bundle/gems/actionpack-4.2.2/lib/action_dispatch/middleware/reloader.rb:73:in `call'
  .bundle/gems/actionpack-4.2.2/lib/action_dispatch/middleware/remote_ip.rb:78:in `call'
  .bundle/gems/actionpack-4.2.2/lib/action_dispatch/middleware/debug_exceptions.rb:17:in `call'
  .bundle/gems/web-console-2.3.0/lib/web_console/middleware.rb:20:in `block in call'
  .bundle/gems/web-console-2.3.0/lib/web_console/middleware.rb:18:in `catch'
  .bundle/gems/web-console-2.3.0/lib/web_console/middleware.rb:18:in `call'
  .bundle/gems/actionpack-4.2.2/lib/action_dispatch/middleware/show_exceptions.rb:30:in `call'
  .bundle/gems/railties-4.2.2/lib/rails/rack/logger.rb:38:in `call_app'
  .bundle/gems/railties-4.2.2/lib/rails/rack/logger.rb:20:in `block in call'
  .bundle/gems/activesupport-4.2.2/lib/active_support/tagged_logging.rb:68:in `block in tagged'
  .bundle/gems/activesupport-4.2.2/lib/active_support/tagged_logging.rb:26:in `tagged'
  .bundle/gems/activesupport-4.2.2/lib/active_support/tagged_logging.rb:68:in `tagged'
  .bundle/gems/railties-4.2.2/lib/rails/rack/logger.rb:20:in `call'
  .bundle/gems/actionpack-4.2.2/lib/action_dispatch/middleware/request_id.rb:21:in `call'
  .bundle/gems/rack-1.6.4/lib/rack/methodoverride.rb:22:in `call'
  .bundle/gems/rack-1.6.4/lib/rack/runtime.rb:18:in `call'
  .bundle/gems/activesupport-4.2.2/lib/active_support/cache/strategy/local_cache_middleware.rb:28:in `call'
  .bundle/gems/rack-1.6.4/lib/rack/lock.rb:17:in `call'
  .bundle/gems/actionpack-4.2.2/lib/action_dispatch/middleware/static.rb:113:in `call'
  .bundle/gems/rack-1.6.4/lib/rack/sendfile.rb:113:in `call'
  .bundle/gems/railties-4.2.2/lib/rails/engine.rb:518:in `call'
  .bundle/gems/railties-4.2.2/lib/rails/application.rb:164:in `call'
  .bundle/gems/rack-1.6.4/lib/rack/lock.rb:17:in `call'
  .bundle/gems/rack-1.6.4/lib/rack/content_length.rb:15:in `call'
  .bundle/gems/rack-1.6.4/lib/rack/handler/webrick.rb:88:in `service'
  /usr/local/opt/rbenv/versions/2.3.1/lib/ruby/2.3.0/webrick/httpserver.rb:140:in `service'
  /usr/local/opt/rbenv/versions/2.3.1/lib/ruby/2.3.0/webrick/httpserver.rb:96:in `run'
  /usr/local/opt/rbenv/versions/2.3.1/lib/ruby/2.3.0/webrick/server.rb:296:in `block in start_thread'


  Rendered .bundle/gems/actionpack-4.2.2/lib/action_dispatch/middleware/templates/rescues/_source.erb (2.1ms)
  Rendered .bundle/gems/actionpack-4.2.2/lib/action_dispatch/middleware/templates/rescues/_trace.html.erb (1.5ms)
  Rendered .bundle/gems/actionpack-4.2.2/lib/action_dispatch/middleware/templates/rescues/_request_and_response.html.erb (0.8ms)
  Rendered .bundle/gems/actionpack-4.2.2/lib/action_dispatch/middleware/templates/rescues/diagnostics.html.erb within rescues/layout (22.2ms)


Started GET "/" for 54.244.95.60 at 2016-09-13 19:06:20 +0000
Cannot render console from 54.244.95.60! Allowed networks: 127.0.0.1, ::1, 127.0.0.0/127.255.255.255

ActiveRecord::PendingMigrationError (

Migrations are pending. To resolve this issue, run:

	bin/rake db:migrate RAILS_ENV=development

):
  .bundle/gems/activerecord-4.2.2/lib/active_record/migration.rb:393:in `check_pending!'
  .bundle/gems/activerecord-4.2.2/lib/active_record/migration.rb:374:in `call'
  .bundle/gems/actionpack-4.2.2/lib/action_dispatch/middleware/callbacks.rb:29:in `block in call'
  .bundle/gems/activesupport-4.2.2/lib/active_support/callbacks.rb:88:in `_run_callbacks'
  .bundle/gems/activesupport-4.2.2/lib/active_support/callbacks.rb:776:in `_run_call_callbacks'
  .bundle/gems/activesupport-4.2.2/lib/active_support/callbacks.rb:81:in `run_callbacks'
  .bundle/gems/actionpack-4.2.2/lib/action_dispatch/middleware/callbacks.rb:27:in `call'
  .bundle/gems/actionpack-4.2.2/lib/action_dispatch/middleware/reloader.rb:73:in `call'
  .bundle/gems/actionpack-4.2.2/lib/action_dispatch/middleware/remote_ip.rb:78:in `call'
  .bundle/gems/actionpack-4.2.2/lib/action_dispatch/middleware/debug_exceptions.rb:17:in `call'
  .bundle/gems/web-console-2.3.0/lib/web_console/middleware.rb:20:in `block in call'
  .bundle/gems/web-console-2.3.0/lib/web_console/middleware.rb:18:in `catch'
  .bundle/gems/web-console-2.3.0/lib/web_console/middleware.rb:18:in `call'
  .bundle/gems/actionpack-4.2.2/lib/action_dispatch/middleware/show_exceptions.rb:30:in `call'
  .bundle/gems/railties-4.2.2/lib/rails/rack/logger.rb:38:in `call_app'
  .bundle/gems/railties-4.2.2/lib/rails/rack/logger.rb:20:in `block in call'
  .bundle/gems/activesupport-4.2.2/lib/active_support/tagged_logging.rb:68:in `block in tagged'
  .bundle/gems/activesupport-4.2.2/lib/active_support/tagged_logging.rb:26:in `tagged'
  .bundle/gems/activesupport-4.2.2/lib/active_support/tagged_logging.rb:68:in `tagged'
  .bundle/gems/railties-4.2.2/lib/rails/rack/logger.rb:20:in `call'
  .bundle/gems/actionpack-4.2.2/lib/action_dispatch/middleware/request_id.rb:21:in `call'
  .bundle/gems/rack-1.6.4/lib/rack/methodoverride.rb:22:in `call'
  .bundle/gems/rack-1.6.4/lib/rack/runtime.rb:18:in `call'
  .bundle/gems/activesupport-4.2.2/lib/active_support/cache/strategy/local_cache_middleware.rb:28:in `call'
  .bundle/gems/rack-1.6.4/lib/rack/lock.rb:17:in `call'
  .bundle/gems/actionpack-4.2.2/lib/action_dispatch/middleware/static.rb:113:in `call'
  .bundle/gems/rack-1.6.4/lib/rack/sendfile.rb:113:in `call'
  .bundle/gems/railties-4.2.2/lib/rails/engine.rb:518:in `call'
  .bundle/gems/railties-4.2.2/lib/rails/application.rb:164:in `call'
  .bundle/gems/rack-1.6.4/lib/rack/lock.rb:17:in `call'
  .bundle/gems/rack-1.6.4/lib/rack/content_length.rb:15:in `call'
  .bundle/gems/rack-1.6.4/lib/rack/handler/webrick.rb:88:in `service'
  /usr/local/opt/rbenv/versions/2.3.1/lib/ruby/2.3.0/webrick/httpserver.rb:140:in `service'
  /usr/local/opt/rbenv/versions/2.3.1/lib/ruby/2.3.0/webrick/httpserver.rb:96:in `run'
  /usr/local/opt/rbenv/versions/2.3.1/lib/ruby/2.3.0/webrick/server.rb:296:in `block in start_thread'


  Rendered .bundle/gems/actionpack-4.2.2/lib/action_dispatch/middleware/templates/rescues/_source.erb (2.3ms)
  Rendered .bundle/gems/actionpack-4.2.2/lib/action_dispatch/middleware/templates/rescues/_trace.html.erb (1.4ms)
  Rendered .bundle/gems/actionpack-4.2.2/lib/action_dispatch/middleware/templates/rescues/_request_and_response.html.erb (0.8ms)
  Rendered .bundle/gems/actionpack-4.2.2/lib/action_dispatch/middleware/templates/rescues/diagnostics.html.erb within rescues/layout (22.9ms)
  [1m[36m (7.9ms)[0m  [1mCREATE TABLE "schema_migrations" ("version" varchar NOT NULL) [0m
  [1m[35m (0.1ms)[0m  select sqlite_version(*)
  [1m[36m (7.0ms)[0m  [1mCREATE UNIQUE INDEX "unique_schema_migrations" ON "schema_migrations" ("version")[0m
  [1m[35mActiveRecord::SchemaMigration Load (0.1ms)[0m  SELECT "schema_migrations".* FROM "schema_migrations"
Migrating to CreateRecipes (20160913181724)
  [1m[36m (0.1ms)[0m  [1mbegin transaction[0m
  [1m[35m (0.3ms)[0m  CREATE TABLE "recipes" ("id" INTEGER PRIMARY KEY AUTOINCREMENT NOT NULL, "name" varchar, "description" text, "created_at" datetime NOT NULL, "updated_at" datetime NOT NULL) 
  [1m[36mSQL (0.1ms)[0m  [1mINSERT INTO "schema_migrations" ("version") VALUES (?)[0m  [["version", "20160913181724"]]
  [1m[35m (7.4ms)[0m  commit transaction
  [1m[36mActiveRecord::SchemaMigration Load (0.1ms)[0m  [1mSELECT "schema_migrations".* FROM "schema_migrations"[0m
  [1m[36mActiveRecord::SchemaMigration Load (0.1ms)[0m  [1mSELECT "schema_migrations".* FROM "schema_migrations"[0m
  [1m[35mActiveRecord::SchemaMigration Load (0.1ms)[0m  SELECT "schema_migrations".* FROM "schema_migrations"


Started GET "/" for 54.244.95.60 at 2016-09-13 19:07:34 +0000
Cannot render console from 54.244.95.60! Allowed networks: 127.0.0.1, ::1, 127.0.0.0/127.255.255.255
  [1m[36mActiveRecord::SchemaMigration Load (0.1ms)[0m  [1mSELECT "schema_migrations".* FROM "schema_migrations"[0m
Processing by Rails::WelcomeController#index as HTML
  Rendered .bundle/gems/railties-4.2.2/lib/rails/templates/rails/welcome/index.html.erb (1.4ms)
Completed 200 OK in 16ms (Views: 7.5ms | ActiveRecord: 0.0ms)
  [1m[36m (0.1ms)[0m  [1mbegin transaction[0m
  [1m[35mSQL (0.3ms)[0m  INSERT INTO "recipes" ("name", "description", "created_at", "updated_at") VALUES (?, ?, ?, ?)  [["name", "Pie"], ["description", "A yummy pie"], ["created_at", "2016-09-13 19:12:22.608456"], ["updated_at", "2016-09-13 19:12:22.608456"]]
  [1m[36m (7.0ms)[0m  [1mcommit transaction[0m
